[时间]2020/10/11 13:15:24   [类型]系统(↓)   [接收者]小栗子   [发送者昵称]系统公告   [发送者]系统公告
提示：本框架完全免费使用，插件收费与框架本身无关


[时间]2020/10/11 13:15:24   [类型]系统(↓)   [接收者]小栗子   [发送者昵称]系统公告   [发送者]系统公告
提示：本框架所使用的平台打码收费与框架本身无关


[时间]2020/10/11 13:15:24   [类型]系统(↓)   [接收者]小栗子   [发送者昵称]系统公告   [发送者]系统公告
使用本框架即表示您已阅读并同意《用户协议》


[时间]2020/10/11 13:15:24   [类型]插件(↓)   [接收者]小栗子   [发送者昵称]b站点歌   [发送者]au.dll
插件[au.dll]载入成功,应用名:b站点歌


[时间]2020/10/11 13:15:24   [类型]系统(↓)   [接收者]小栗子   [发送者昵称]系统公告   [发送者]系统公告
禁止将本框架使用于非法用途,否则我们有权关闭框架或禁止您使用本框架


[时间]2020/10/11 13:15:24   [类型]系统(↓)   [接收者]小栗子   [发送者昵称]系统公告   [发送者]系统公告
根据《用户协议》，开发者或用户非法使用本框架所产生的法律后果与框架及框架作者无关


[时间]2020/10/11 13:15:24   [类型]系统(↓)   [接收者]小栗子   [发送者昵称]系统公告   [发送者]系统公告
提示：每到凌晨0点后框架就自动消失的,请检查你的系统时间是否与北京时间相吻合


[时间]2020/10/11 13:15:24   [类型]插件(↓)   [接收者]小栗子   [发送者昵称]关键词回复   [发送者]hchun100.dll
插件[hchun100.dll]载入成功,应用名:关键词回复


[时间]2020/10/11 13:15:24   [类型]插件(↓)   [接收者]小栗子   [发送者昵称]MC服务器状态获取   [发送者]motd-小栗子-v1.0.3.dll
插件[motd-小栗子-v1.0.3.dll]载入成功,应用名:MC服务器状态获取


[时间]2020/10/11 13:15:25   [类型]插件(↓)   [接收者]小栗子   [发送者昵称]多平台点歌   [发送者]多平台点歌.dll
插件[多平台点歌.dll]载入成功,应用名:多平台点歌


[时间]2020/10/11 13:15:25   [类型]插件(↓)   [接收者]小栗子   [发送者昵称]二次元图片   [发送者]二次元图-小栗子-v1.0.1[DEBUGED].dll
插件[二次元图-小栗子-v1.0.1[DEBUGED].dll]载入成功,应用名:二次元图片


[时间]2020/10/11 13:15:25   [类型]插件(↓)   [接收者]小栗子   [发送者昵称]随机网抑云   [发送者]随机网抑云-小栗子-v1.0.3.1.dll
插件[随机网抑云-小栗子-v1.0.3.1.dll]载入成功,应用名:随机网抑云


[时间]2020/10/11 13:15:25   [类型]插件(↓)   [接收者]小栗子   [发送者昵称]小白站长工具   [发送者]小白站长工具v 1.3.1.dll
插件[小白站长工具v 1.3.1.dll]载入成功,应用名:小白站长工具


[时间]2020/10/11 13:15:25   [类型]插件(↓)   [接收者]小栗子   [发送者昵称]生成小国旗(可达插件)   [发送者]小国旗1.2.2.dll
插件[小国旗1.2.2.dll]载入成功,应用名:生成小国旗(可达插件)


[时间]2020/10/11 13:15:26   [类型]插件(↓)   [接收者]小栗子   [发送者昵称]一言 × 报时   [发送者]一言×报时V1.1.3.dll
插件[一言×报时V1.1.3.dll]载入成功,应用名:一言 × 报时


[时间]2020/10/11 13:15:26   [类型]插件(↓)   [接收者]小栗子   [发送者昵称]运行状态   [发送者]运行状态-小栗子-v1.0.4.3.dll
插件[运行状态-小栗子-v1.0.4.3.dll]载入成功,应用名:运行状态


[时间]2020/10/11 13:15:26   [类型]插件(↓)   [接收者]小栗子   [发送者昵称]智能闲聊   [发送者]智能闲聊.dll
取框架QQ->获取成功


[时间]2020/10/11 13:15:26   [类型]插件(↓)   [接收者]小栗子   [发送者昵称]智能闲聊   [发送者]智能闲聊.dll
取群列表->该框架QQ未登录


[时间]2020/10/11 13:15:26   [类型]插件(↓)   [接收者]小栗子   [发送者昵称]智能闲聊   [发送者]智能闲聊.dll
取框架QQ->获取成功


[时间]2020/10/11 13:15:26   [类型]插件(↓);txt=16777215;back=0;   [接收者]小栗子   [发送者昵称]智能闲聊   [发送者]智能闲聊.dll
有新版本可用，请到社区或交流群812800764内下载


[时间]2020/10/11 13:15:26   [类型]插件(↓)   [接收者]小栗子   [发送者昵称]智能闲聊   [发送者]智能闲聊.dll
插件[智能闲聊.dll]载入成功,应用名:智能闲聊


[时间]2020/10/11 13:15:26   [类型]插件(↓)   [接收者]小栗子   [发送者昵称]重启框架   [发送者]cq(2.6.1).dll
插件[cq(2.6.1).dll]载入成功,应用名:重启框架


[时间]2020/10/11 13:15:27   [类型]插件(↓)   [接收者]小栗子   [发送者昵称]两仪-谁在窥屏   [发送者]两仪-谁在窥屏.dll
插件[两仪-谁在窥屏.dll]载入成功,应用名:两仪-谁在窥屏


[时间]2020/10/11 13:15:27   [类型]插件(↓)   [接收者]小栗子   [发送者昵称]网抑云点歌   [发送者]diange.dll
插件[diange.dll]载入成功,应用名:网抑云点歌


[时间]2020/10/11 13:15:27   [类型]插件(↓)   [接收者]小栗子   [发送者昵称]短链生成   [发送者]dl(1.1.0).dll
插件[dl(1.1.0).dll]载入成功,应用名:短链生成


[时间]2020/10/11 13:15:27   [类型]登录(↑)   [接收者]小栗子   [发送者昵称]XineYc星语   [发送者]517074647
接触服务器成功


[时间]2020/10/11 13:15:32   [类型]插件(↓);txt=0;back=16777215;   [接收者]小栗子   [发送者昵称]生成小国旗(可达插件)   [发送者]小国旗1.2.2.dll
<?xml 


[时间]2020/10/11 13:15:32   [类型]插件(↓)   [接收者]小栗子   [发送者昵称]两仪-谁在窥屏   [发送者]两仪-谁在窥屏.dll
更改群聊消息内容->无权限


[时间]2020/10/11 13:15:40   [类型]插件(↓);txt=0;back=16777215;   [接收者]小栗子   [发送者昵称]生成小国旗(可达插件)   [发送者]小国旗1.2.2.dll
[pic,h


[时间]2020/10/11 13:15:41   [类型]插件(↓)   [接收者]小栗子   [发送者昵称]智能闲聊   [发送者]智能闲聊.dll
取图片下载地址->结果：https://gchat.qpic.cn/gchatpic_new/1103110200/1103110200-2731142198-24FD79E23FF7752BECDEDE42A34A1FF3/0


[时间]2020/10/11 13:15:41   [类型]插件(↓)   [接收者]小栗子   [发送者昵称]两仪-谁在窥屏   [发送者]两仪-谁在窥屏.dll
更改群聊消息内容->无权限


[时间]2020/10/11 13:15:55   [类型]插件(↓);txt=0;back=16777215;   [接收者]小栗子   [发送者昵称]生成小国旗(可达插件)   [发送者]小国旗1.2.2.dll
（本人


[时间]2020/10/11 13:15:55   [类型]插件(↓)   [接收者]小栗子   [发送者昵称]两仪-谁在窥屏   [发送者]两仪-谁在窥屏.dll
更改群聊消息内容->无权限


